<?xml version="1.0" encoding="UTF-8"?>
<!-- Generated by org.testng.reporters.JUnitReportReporter -->
<testsuite hostname="LAPTOP-RV2KM6DG" failures="0" tests="2" name="test.Test_Login" time="10.687" errors="0" timestamp="2021-03-05T17:35:15 CST" skipped="0">
  <testcase classname="test.Test_Login" name="credencialesValidas" time="4.988"/>
  <system-out/>
  <testcase classname="test.Test_Login" name="credencialesInvalidas" time="5.699"/>
  <system-out/>
</testsuite> <!-- test.Test_Login -->
