<?xml version="1.0" encoding="UTF-8"?>
<!-- Generated by org.testng.reporters.JUnitReportReporter -->
<testsuite hostname="LAPTOP-RV2KM6DG" failures="0" tests="2" name="test.Test_Cart" time="27.255" errors="0" timestamp="2021-03-05T17:30:08 CST" skipped="0">
  <testcase classname="test.Test_Cart" name="removeProductsCard" time="13.741"/>
  <system-out/>
  <testcase classname="test.Test_Cart" name="testAddCard" time="13.514"/>
  <system-out/>
</testsuite> <!-- test.Test_Cart -->
