<?xml version="1.0" encoding="UTF-8"?>
<!-- Generated by org.testng.reporters.JUnitReportReporter -->
<testsuite hostname="LAPTOP-RV2KM6DG" failures="0" tests="2" name="test.Test_Login" time="11.189" errors="0" timestamp="2021-03-12T22:29:31 CST" skipped="0">
  <testcase classname="test.Test_Login" name="credencialesValidas" time="5.874"/>
  <system-out/>
  <testcase classname="test.Test_Login" name="credencialesInvalidas" time="5.315"/>
  <system-out/>
</testsuite> <!-- test.Test_Login -->
