<?xml version="1.0" encoding="UTF-8"?>
<!-- Generated by org.testng.reporters.JUnitReportReporter -->
<testsuite hostname="LAPTOP-RV2KM6DG" failures="0" tests="1" name="test.Test_Login" time="4.620" errors="0" timestamp="2021-02-26T21:52:47 CST" skipped="0">
  <testcase classname="test.Test_Login" name="testLogin" time="4.620"/>
  <system-out/>
</testsuite> <!-- test.Test_Login -->
