<?xml version="1.0" encoding="UTF-8"?>
<!-- Generated by org.testng.reporters.JUnitReportReporter -->
<testsuite hostname="LAPTOP-RV2KM6DG" failures="0" tests="3" name="test.Test_Cart" time="127.279" errors="0" timestamp="2021-03-12T22:29:31 CST" skipped="0">
  <testcase classname="test.Test_Cart" name="removeProductsCard" time="24.581"/>
  <system-out/>
  <testcase classname="test.Test_Cart" name="testAddCard" time="12.962"/>
  <system-out/>
  <testcase classname="test.Test_Cart" name="MakeOrder" time="89.736"/>
  <system-out/>
</testsuite> <!-- test.Test_Cart -->
